{"/home/rawoon/app-caravan/server/src/exceptions/ApplicationException.ts": {"path":"/home/rawoon/app-caravan/server/src/exceptions/ApplicationException.ts","statementMap":{"0":{"start":{"line":3,"column":4},"end":{"line":3,"column":19}},"1":{"start":{"line":2,"column":30},"end":{"line":2,"column":45}},"2":{"start":{"line":2,"column":63},"end":{"line":2,"column":80}},"3":{"start":{"line":4,"column":4},"end":{"line":4,"column":38}},"4":{"start":{"line":1,"column":0},"end":{"line":1,"column":13}}},"fnMap":{"0":{"name":"(anonymous_0)","decl":{"start":{"line":2,"column":2},"end":{"line":2,"column":30}},"loc":{"start":{"line":2,"column":83},"end":{"line":5,"column":3}}}},"branchMap":{"0":{"loc":{"start":{"line":2,"column":63},"end":{"line":2,"column":83}},"type":"default-arg","locations":[{"start":{"line":2,"column":80},"end":{"line":2,"column":83}}]}},"s":{"0":11,"1":11,"2":11,"3":11,"4":3},"f":{"0":11},"b":{"0":[0]}}
,"/home/rawoon/app-caravan/server/src/exceptions/NotFoundException.ts": {"path":"/home/rawoon/app-caravan/server/src/exceptions/NotFoundException.ts","statementMap":{"0":{"start":{"line":1,"column":0},"end":{"line":1,"column":62}},"1":{"start":{"line":5,"column":4},"end":{"line":5,"column":57}},"2":{"start":{"line":3,"column":0},"end":{"line":3,"column":13}}},"fnMap":{"0":{"name":"(anonymous_0)","decl":{"start":{"line":4,"column":2},"end":{"line":4,"column":14}},"loc":{"start":{"line":4,"column":42},"end":{"line":6,"column":3}}}},"branchMap":{},"s":{"0":3,"1":5,"2":3},"f":{"0":5},"b":{}}
,"/home/rawoon/app-caravan/server/src/exceptions/ValidationException.ts": {"path":"/home/rawoon/app-caravan/server/src/exceptions/ValidationException.ts","statementMap":{"0":{"start":{"line":1,"column":0},"end":{"line":1,"column":62}},"1":{"start":{"line":5,"column":4},"end":{"line":5,"column":24}},"2":{"start":{"line":3,"column":0},"end":{"line":3,"column":13}}},"fnMap":{"0":{"name":"(anonymous_0)","decl":{"start":{"line":4,"column":2},"end":{"line":4,"column":14}},"loc":{"start":{"line":4,"column":29},"end":{"line":6,"column":3}}}},"branchMap":{},"s":{"0":2,"1":6,"2":2},"f":{"0":6},"b":{}}
,"/home/rawoon/app-caravan/server/src/repositories/InMemoryRepository.ts": {"path":"/home/rawoon/app-caravan/server/src/repositories/InMemoryRepository.ts","statementMap":{"0":{"start":{"line":2,"column":0},"end":{"line":2,"column":36}},"1":{"start":{"line":5,"column":21},"end":{"line":5,"column":58}},"2":{"start":{"line":8,"column":19},"end":{"line":8,"column":40}},"3":{"start":{"line":9,"column":4},"end":{"line":9,"column":41}},"4":{"start":{"line":13,"column":4},"end":{"line":13,"column":67}},"5":{"start":{"line":13,"column":56},"end":{"line":13,"column":64}},"6":{"start":{"line":17,"column":15},"end":{"line":17,"column":40}},"7":{"start":{"line":20,"column":22},"end":{"line":20,"column":44}},"8":{"start":{"line":21,"column":4},"end":{"line":21,"column":37}},"9":{"start":{"line":22,"column":4},"end":{"line":22,"column":28}},"10":{"start":{"line":26,"column":27},"end":{"line":26,"column":48}},"11":{"start":{"line":27,"column":4},"end":{"line":29,"column":5}},"12":{"start":{"line":28,"column":6},"end":{"line":28,"column":18}},"13":{"start":{"line":30,"column":26},"end":{"line":30,"column":68}},"14":{"start":{"line":31,"column":4},"end":{"line":31,"column":41}},"15":{"start":{"line":32,"column":4},"end":{"line":32,"column":32}},"16":{"start":{"line":36,"column":4},"end":{"line":36,"column":36}},"17":{"start":{"line":4,"column":0},"end":{"line":4,"column":13}}},"fnMap":{"0":{"name":"(anonymous_0)","decl":{"start":{"line":4,"column":0},"end":{"line":4,"column":13}},"loc":{"start":{"line":4,"column":0},"end":{"line":38,"column":1}}},"1":{"name":"(anonymous_1)","decl":{"start":{"line":7,"column":2},"end":{"line":7,"column":7}},"loc":{"start":{"line":7,"column":27},"end":{"line":10,"column":3}}},"2":{"name":"(anonymous_2)","decl":{"start":{"line":12,"column":2},"end":{"line":12,"column":7}},"loc":{"start":{"line":12,"column":15},"end":{"line":14,"column":3}}},"3":{"name":"(anonymous_3)","decl":{"start":{"line":13,"column":50},"end":{"line":13,"column":51}},"loc":{"start":{"line":13,"column":56},"end":{"line":13,"column":64}}},"4":{"name":"(anonymous_4)","decl":{"start":{"line":16,"column":2},"end":{"line":16,"column":7}},"loc":{"start":{"line":16,"column":52},"end":{"line":23,"column":3}}},"5":{"name":"(anonymous_5)","decl":{"start":{"line":25,"column":2},"end":{"line":25,"column":7}},"loc":{"start":{"line":25,"column":51},"end":{"line":33,"column":3}}},"6":{"name":"(anonymous_6)","decl":{"start":{"line":35,"column":2},"end":{"line":35,"column":7}},"loc":{"start":{"line":35,"column":25},"end":{"line":37,"column":3}}}},"branchMap":{"0":{"loc":{"start":{"line":9,"column":11},"end":{"line":9,"column":40}},"type":"cond-expr","locations":[{"start":{"line":9,"column":20},"end":{"line":9,"column":33}},{"start":{"line":9,"column":36},"end":{"line":9,"column":40}}]},"1":{"loc":{"start":{"line":17,"column":15},"end":{"line":17,"column":40}},"type":"binary-expr","locations":[{"start":{"line":17,"column":15},"end":{"line":17,"column":24}},{"start":{"line":17,"column":28},"end":{"line":17,"column":40}}]},"2":{"loc":{"start":{"line":27,"column":4},"end":{"line":29,"column":5}},"type":"if","locations":[{"start":{"line":27,"column":4},"end":{"line":29,"column":5}},{"start":{},"end":{}}]}},"s":{"0":2,"1":0,"2":0,"3":0,"4":0,"5":0,"6":0,"7":0,"8":0,"9":0,"10":0,"11":0,"12":0,"13":0,"14":0,"15":0,"16":0,"17":2},"f":{"0":0,"1":0,"2":0,"3":0,"4":0,"5":0,"6":0},"b":{"0":[0,0],"1":[0,0],"2":[0,0]}}
,"/home/rawoon/app-caravan/server/src/repositories/ReservationRepository.ts": {"path":"/home/rawoon/app-caravan/server/src/repositories/ReservationRepository.ts","statementMap":{"0":{"start":{"line":2,"column":0},"end":{"line":2,"column":58}},"1":{"start":{"line":18,"column":37},"end":{"line":18,"column":39}},"2":{"start":{"line":19,"column":4},"end":{"line":33,"column":5}},"3":{"start":{"line":20,"column":6},"end":{"line":22,"column":7}},"4":{"start":{"line":21,"column":8},"end":{"line":21,"column":17}},"5":{"start":{"line":27,"column":28},"end":{"line":27,"column":49}},"6":{"start":{"line":28,"column":26},"end":{"line":28,"column":45}},"7":{"start":{"line":30,"column":6},"end":{"line":32,"column":7}},"8":{"start":{"line":31,"column":8},"end":{"line":31,"column":43}},"9":{"start":{"line":34,"column":4},"end":{"line":34,"column":21}},"10":{"start":{"line":4,"column":0},"end":{"line":4,"column":13}}},"fnMap":{"0":{"name":"(anonymous_0)","decl":{"start":{"line":13,"column":2},"end":{"line":13,"column":7}},"loc":{"start":{"line":16,"column":17},"end":{"line":35,"column":3}}}},"branchMap":{"0":{"loc":{"start":{"line":20,"column":6},"end":{"line":22,"column":7}},"type":"if","locations":[{"start":{"line":20,"column":6},"end":{"line":22,"column":7}},{"start":{},"end":{}}]},"1":{"loc":{"start":{"line":30,"column":6},"end":{"line":32,"column":7}},"type":"if","locations":[{"start":{"line":30,"column":6},"end":{"line":32,"column":7}},{"start":{},"end":{}}]},"2":{"loc":{"start":{"line":30,"column":10},"end":{"line":30,"column":60}},"type":"binary-expr","locations":[{"start":{"line":30,"column":10},"end":{"line":30,"column":33}},{"start":{"line":30,"column":37},"end":{"line":30,"column":60}}]}},"s":{"0":2,"1":0,"2":0,"3":0,"4":0,"5":0,"6":0,"7":0,"8":0,"9":0,"10":2},"f":{"0":0},"b":{"0":[0,0],"1":[0,0],"2":[0,0]}}
,"/home/rawoon/app-caravan/server/src/services/ReservationService.ts": {"path":"/home/rawoon/app-caravan/server/src/services/ReservationService.ts","statementMap":{"0":{"start":{"line":6,"column":0},"end":{"line":6,"column":66}},"1":{"start":{"line":10,"column":21},"end":{"line":10,"column":59}},"2":{"start":{"line":11,"column":21},"end":{"line":11,"column":54}},"3":{"start":{"line":12,"column":21},"end":{"line":12,"column":63}},"4":{"start":{"line":22,"column":4},"end":{"line":22,"column":54}},"5":{"start":{"line":25,"column":20},"end":{"line":25,"column":70}},"6":{"start":{"line":26,"column":4},"end":{"line":30,"column":5}},"7":{"start":{"line":29,"column":6},"end":{"line":29,"column":64}},"8":{"start":{"line":31,"column":23},"end":{"line":31,"column":97}},"9":{"start":{"line":34,"column":52},"end":{"line":39,"column":6}},"10":{"start":{"line":42,"column":29},"end":{"line":42,"column":76}},"11":{"start":{"line":47,"column":4},"end":{"line":47,"column":28}},"12":{"start":{"line":54,"column":25},"end":{"line":54,"column":64}},"13":{"start":{"line":56,"column":27},"end":{"line":56,"column":74}},"14":{"start":{"line":58,"column":4},"end":{"line":60,"column":5}},"15":{"start":{"line":59,"column":6},"end":{"line":59,"column":23}},"16":{"start":{"line":62,"column":4},"end":{"line":62,"column":38}},"17":{"start":{"line":8,"column":0},"end":{"line":8,"column":13}}},"fnMap":{"0":{"name":"(anonymous_0)","decl":{"start":{"line":9,"column":2},"end":{"line":9,"column":null}},"loc":{"start":{"line":12,"column":63},"end":{"line":13,"column":6}}},"1":{"name":"(anonymous_1)","decl":{"start":{"line":20,"column":2},"end":{"line":20,"column":7}},"loc":{"start":{"line":20,"column":53},"end":{"line":48,"column":3}}},"2":{"name":"(anonymous_2)","decl":{"start":{"line":53,"column":10},"end":{"line":53,"column":24}},"loc":{"start":{"line":53,"column":74},"end":{"line":63,"column":3}}}},"branchMap":{"0":{"loc":{"start":{"line":26,"column":4},"end":{"line":30,"column":5}},"type":"if","locations":[{"start":{"line":26,"column":4},"end":{"line":30,"column":5}},{"start":{},"end":{}}]},"1":{"loc":{"start":{"line":58,"column":4},"end":{"line":60,"column":5}},"type":"if","locations":[{"start":{"line":58,"column":4},"end":{"line":60,"column":5}},{"start":{},"end":{}}]}},"s":{"0":1,"1":4,"2":4,"3":4,"4":4,"5":3,"6":3,"7":0,"8":3,"9":3,"10":3,"11":3,"12":3,"13":3,"14":3,"15":0,"16":3,"17":1},"f":{"0":4,"1":4,"2":3},"b":{"0":[0,3],"1":[0,3]}}
,"/home/rawoon/app-caravan/server/src/validators/ReservationValidator.ts": {"path":"/home/rawoon/app-caravan/server/src/validators/ReservationValidator.ts","statementMap":{"0":{"start":{"line":6,"column":0},"end":{"line":6,"column":72}},"1":{"start":{"line":7,"column":0},"end":{"line":7,"column":68}},"2":{"start":{"line":14,"column":21},"end":{"line":14,"column":59}},"3":{"start":{"line":15,"column":21},"end":{"line":15,"column":48}},"4":{"start":{"line":16,"column":21},"end":{"line":16,"column":54}},"5":{"start":{"line":20,"column":4},"end":{"line":20,"column":68}},"6":{"start":{"line":21,"column":4},"end":{"line":21,"column":59}},"7":{"start":{"line":22,"column":4},"end":{"line":22,"column":90}},"8":{"start":{"line":26,"column":4},"end":{"line":28,"column":5}},"9":{"start":{"line":27,"column":6},"end":{"line":27,"column":75}},"10":{"start":{"line":29,"column":4},"end":{"line":31,"column":5}},"11":{"start":{"line":30,"column":6},"end":{"line":30,"column":73}},"12":{"start":{"line":36,"column":18},"end":{"line":36,"column":55}},"13":{"start":{"line":37,"column":4},"end":{"line":39,"column":5}},"14":{"start":{"line":38,"column":6},"end":{"line":38,"column":51}},"15":{"start":{"line":41,"column":20},"end":{"line":41,"column":62}},"16":{"start":{"line":42,"column":4},"end":{"line":44,"column":5}},"17":{"start":{"line":43,"column":6},"end":{"line":43,"column":56}},"18":{"start":{"line":48,"column":22},"end":{"line":51,"column":null}},"19":{"start":{"line":54,"column":4},"end":{"line":56,"column":5}},"20":{"start":{"line":55,"column":6},"end":{"line":55,"column":95}},"21":{"start":{"line":12,"column":0},"end":{"line":12,"column":13}}},"fnMap":{"0":{"name":"(anonymous_0)","decl":{"start":{"line":13,"column":2},"end":{"line":13,"column":null}},"loc":{"start":{"line":16,"column":54},"end":{"line":17,"column":6}}},"1":{"name":"(anonymous_1)","decl":{"start":{"line":19,"column":9},"end":{"line":19,"column":14}},"loc":{"start":{"line":19,"column":51},"end":{"line":23,"column":3}}},"2":{"name":"(anonymous_2)","decl":{"start":{"line":25,"column":10},"end":{"line":25,"column":23}},"loc":{"start":{"line":25,"column":54},"end":{"line":33,"column":3}}},"3":{"name":"(anonymous_3)","decl":{"start":{"line":35,"column":10},"end":{"line":35,"column":15}},"loc":{"start":{"line":35,"column":67},"end":{"line":45,"column":3}}},"4":{"name":"(anonymous_4)","decl":{"start":{"line":47,"column":10},"end":{"line":47,"column":15}},"loc":{"start":{"line":47,"column":85},"end":{"line":57,"column":3}}}},"branchMap":{"0":{"loc":{"start":{"line":26,"column":4},"end":{"line":28,"column":5}},"type":"if","locations":[{"start":{"line":26,"column":4},"end":{"line":28,"column":5}},{"start":{},"end":{}}]},"1":{"loc":{"start":{"line":29,"column":4},"end":{"line":31,"column":5}},"type":"if","locations":[{"start":{"line":29,"column":4},"end":{"line":31,"column":5}},{"start":{},"end":{}}]},"2":{"loc":{"start":{"line":37,"column":4},"end":{"line":39,"column":5}},"type":"if","locations":[{"start":{"line":37,"column":4},"end":{"line":39,"column":5}},{"start":{},"end":{}}]},"3":{"loc":{"start":{"line":42,"column":4},"end":{"line":44,"column":5}},"type":"if","locations":[{"start":{"line":42,"column":4},"end":{"line":44,"column":5}},{"start":{},"end":{}}]},"4":{"loc":{"start":{"line":54,"column":4},"end":{"line":56,"column":5}},"type":"if","locations":[{"start":{"line":54,"column":4},"end":{"line":56,"column":5}},{"start":{},"end":{}}]}},"s":{"0":2,"1":2,"2":6,"3":6,"4":6,"5":6,"6":4,"7":2,"8":4,"9":1,"10":3,"11":1,"12":6,"13":6,"14":1,"15":5,"16":5,"17":1,"18":2,"19":2,"20":1,"21":2},"f":{"0":6,"1":6,"2":4,"3":6,"4":2},"b":{"0":[1,3],"1":[1,2],"2":[1,5],"3":[1,4],"4":[1,1]}}
}
