TN:
SF:src/exceptions/ApplicationException.ts
FN:2,(anonymous_0)
FNF:1
FNH:1
FNDA:11,(anonymous_0)
DA:1,3
DA:2,11
DA:3,11
DA:4,11
LF:4
LH:4
BRDA:2,0,0,0
BRF:1
BRH:0
end_of_record
TN:
SF:src/exceptions/NotFoundException.ts
FN:4,(anonymous_0)
FNF:1
FNH:1
FNDA:5,(anonymous_0)
DA:1,3
DA:3,3
DA:5,5
LF:3
LH:3
BRF:0
BRH:0
end_of_record
TN:
SF:src/exceptions/ValidationException.ts
FN:4,(anonymous_0)
FNF:1
FNH:1
FNDA:6,(anonymous_0)
DA:1,2
DA:3,2
DA:5,6
LF:3
LH:3
BRF:0
BRH:0
end_of_record
TN:
SF:src/repositories/InMemoryRepository.ts
FN:4,(anonymous_0)
FN:7,(anonymous_1)
FN:12,(anonymous_2)
FN:13,(anonymous_3)
FN:16,(anonymous_4)
FN:25,(anonymous_5)
FN:35,(anonymous_6)
FNF:7
FNH:0
FNDA:0,(anonymous_0)
FNDA:0,(anonymous_1)
FNDA:0,(anonymous_2)
FNDA:0,(anonymous_3)
FNDA:0,(anonymous_4)
FNDA:0,(anonymous_5)
FNDA:0,(anonymous_6)
DA:2,2
DA:4,2
DA:5,0
DA:8,0
DA:9,0
DA:13,0
DA:17,0
DA:20,0
DA:21,0
DA:22,0
DA:26,0
DA:27,0
DA:28,0
DA:30,0
DA:31,0
DA:32,0
DA:36,0
LF:17
LH:2
BRDA:9,0,0,0
BRDA:9,0,1,0
BRDA:17,1,0,0
BRDA:17,1,1,0
BRDA:27,2,0,0
BRDA:27,2,1,0
BRF:6
BRH:0
end_of_record
TN:
SF:src/repositories/ReservationRepository.ts
FN:13,(anonymous_0)
FNF:1
FNH:0
FNDA:0,(anonymous_0)
DA:2,2
DA:4,2
DA:18,0
DA:19,0
DA:20,0
DA:21,0
DA:27,0
DA:28,0
DA:30,0
DA:31,0
DA:34,0
LF:11
LH:2
BRDA:20,0,0,0
BRDA:20,0,1,0
BRDA:30,1,0,0
BRDA:30,1,1,0
BRDA:30,2,0,0
BRDA:30,2,1,0
BRF:6
BRH:0
end_of_record
TN:
SF:src/services/ReservationService.ts
FN:9,(anonymous_0)
FN:20,(anonymous_1)
FN:53,(anonymous_2)
FNF:3
FNH:3
FNDA:4,(anonymous_0)
FNDA:4,(anonymous_1)
FNDA:3,(anonymous_2)
DA:6,1
DA:8,1
DA:10,4
DA:11,4
DA:12,4
DA:22,4
DA:25,3
DA:26,3
DA:29,0
DA:31,3
DA:34,3
DA:42,3
DA:47,3
DA:54,3
DA:56,3
DA:58,3
DA:59,0
DA:62,3
LF:18
LH:16
BRDA:26,0,0,0
BRDA:26,0,1,3
BRDA:58,1,0,0
BRDA:58,1,1,3
BRF:4
BRH:2
end_of_record
TN:
SF:src/validators/ReservationValidator.ts
FN:13,(anonymous_0)
FN:19,(anonymous_1)
FN:25,(anonymous_2)
FN:35,(anonymous_3)
FN:47,(anonymous_4)
FNF:5
FNH:5
FNDA:6,(anonymous_0)
FNDA:6,(anonymous_1)
FNDA:4,(anonymous_2)
FNDA:6,(anonymous_3)
FNDA:2,(anonymous_4)
DA:6,2
DA:7,2
DA:12,2
DA:14,6
DA:15,6
DA:16,6
DA:20,6
DA:21,4
DA:22,2
DA:26,4
DA:27,1
DA:29,3
DA:30,1
DA:36,6
DA:37,6
DA:38,1
DA:41,5
DA:42,5
DA:43,1
DA:48,2
DA:54,2
DA:55,1
LF:22
LH:22
BRDA:26,0,0,1
BRDA:26,0,1,3
BRDA:29,1,0,1
BRDA:29,1,1,2
BRDA:37,2,0,1
BRDA:37,2,1,5
BRDA:42,3,0,1
BRDA:42,3,1,4
BRDA:54,4,0,1
BRDA:54,4,1,1
BRF:10
BRH:10
end_of_record
